<?xml version="1.0" encoding="UTF-8"?>
<!-- Generated by org.testng.reporters.JUnitXMLReporter -->
<testsuite ignored="0" hostname="DESKTOP-Q72O4I0" failures="0" tests="3" name="Test" time="159.775" errors="0" timestamp="2022-10-11T11:46:54 IST">
  <testcase classname="com.kite.TestClass.TC01_VerifyLoginFuncionality" name="Loginpage" time="0.1"/>
  <testcase classname="com.kite.TestClass.TC02_VerifyAddtoWatchlistFunctionality" name="watchlist" time="22.43"/>
  <testcase classname="com.kite.TestClass.TC03_VerifyLogOutFunctionality" name="logout" time="8.032"/>
</testsuite> <!-- Test -->
