<?xml version="1.0" encoding="UTF-8"?>
<testng-results ignored="0" total="3" passed="3" failed="0" skipped="0">
  <reporter-output>
  </reporter-output>
  <suite started-at="2022-10-11T11:44:14 IST" name="Suite" finished-at="2022-10-11T11:46:54 IST" duration-ms="159775">
    <groups>
    </groups>
    <test started-at="2022-10-11T11:44:14 IST" name="Test" finished-at="2022-10-11T11:46:54 IST" duration-ms="159775">
      <class name="com.kite.TestClass.TC02_VerifyAddtoWatchlistFunctionality">
        <test-method is-config="true" signature="Setup(java.lang.String)[pri:0, instance:com.kite.TestClass.TC02_VerifyAddtoWatchlistFunctionality@b9b00e0]" started-at="2022-10-11T11:45:06 IST" name="Setup" finished-at="2022-10-11T11:45:45 IST" duration-ms="39503" status="PASS">
          <params>
            <param index="0">
              <value>
                <![CDATA[chrome]]>
              </value>
            </param>
          </params>
          <reporter-output>
          </reporter-output>
        </test-method> <!-- Setup -->
        <test-method signature="watchlist()[pri:0, instance:com.kite.TestClass.TC02_VerifyAddtoWatchlistFunctionality@b9b00e0]" started-at="2022-10-11T11:45:45 IST" name="watchlist" finished-at="2022-10-11T11:46:08 IST" duration-ms="22430" status="PASS">
          <reporter-output>
          </reporter-output>
        </test-method> <!-- watchlist -->
        <test-method is-config="true" signature="tearDown()[pri:0, instance:com.kite.TestClass.TC02_VerifyAddtoWatchlistFunctionality@b9b00e0]" started-at="2022-10-11T11:46:08 IST" name="tearDown" finished-at="2022-10-11T11:46:13 IST" duration-ms="5265" status="PASS">
          <reporter-output>
          </reporter-output>
        </test-method> <!-- tearDown -->
      </class> <!-- com.kite.TestClass.TC02_VerifyAddtoWatchlistFunctionality -->
      <class name="com.kite.TestClass.TC03_VerifyLogOutFunctionality">
        <test-method is-config="true" signature="Setup(java.lang.String)[pri:0, instance:com.kite.TestClass.TC03_VerifyLogOutFunctionality@506ae4d4]" started-at="2022-10-11T11:46:13 IST" name="Setup" finished-at="2022-10-11T11:46:42 IST" duration-ms="28546" status="PASS">
          <params>
            <param index="0">
              <value>
                <![CDATA[chrome]]>
              </value>
            </param>
          </params>
          <reporter-output>
          </reporter-output>
        </test-method> <!-- Setup -->
        <test-method signature="logout()[pri:0, instance:com.kite.TestClass.TC03_VerifyLogOutFunctionality@506ae4d4]" started-at="2022-10-11T11:46:42 IST" name="logout" finished-at="2022-10-11T11:46:50 IST" duration-ms="8032" status="PASS">
          <reporter-output>
          </reporter-output>
        </test-method> <!-- logout -->
        <test-method is-config="true" signature="tearDown()[pri:0, instance:com.kite.TestClass.TC03_VerifyLogOutFunctionality@506ae4d4]" started-at="2022-10-11T11:46:50 IST" name="tearDown" finished-at="2022-10-11T11:46:54 IST" duration-ms="4305" status="PASS">
          <reporter-output>
          </reporter-output>
        </test-method> <!-- tearDown -->
      </class> <!-- com.kite.TestClass.TC03_VerifyLogOutFunctionality -->
      <class name="com.kite.TestClass.TC01_VerifyLoginFuncionality">
        <test-method is-config="true" signature="Setup(java.lang.String)[pri:0, instance:com.kite.TestClass.TC01_VerifyLoginFuncionality@434a63ab]" started-at="2022-10-11T11:44:14 IST" name="Setup" finished-at="2022-10-11T11:45:04 IST" duration-ms="50015" status="PASS">
          <params>
            <param index="0">
              <value>
                <![CDATA[chrome]]>
              </value>
            </param>
          </params>
          <reporter-output>
          </reporter-output>
        </test-method> <!-- Setup -->
        <test-method signature="Loginpage()[pri:0, instance:com.kite.TestClass.TC01_VerifyLoginFuncionality@434a63ab]" started-at="2022-10-11T11:45:04 IST" name="Loginpage" finished-at="2022-10-11T11:45:04 IST" duration-ms="100" status="PASS">
          <reporter-output>
          </reporter-output>
        </test-method> <!-- Loginpage -->
        <test-method is-config="true" signature="tearDown()[pri:0, instance:com.kite.TestClass.TC01_VerifyLoginFuncionality@434a63ab]" started-at="2022-10-11T11:45:04 IST" name="tearDown" finished-at="2022-10-11T11:45:06 IST" duration-ms="1446" status="PASS">
          <reporter-output>
          </reporter-output>
        </test-method> <!-- tearDown -->
      </class> <!-- com.kite.TestClass.TC01_VerifyLoginFuncionality -->
    </test> <!-- Test -->
  </suite> <!-- Suite -->
</testng-results>
